[01:08:05] [main/INFO]: Loading Minecraft 1.20.1 with Fabric Loader 0.16.3
[01:08:05] [main/INFO]: Loading 4 mods:
	- fabricloader 0.16.3
	   \-- mixinextras 0.4.1
	- java 17
	- minecraft 1.20.1
[01:08:05] [main/INFO]: SpongePowered MIXIN Subsystem Version=0.8.7 Source=file:/workspaces/Servv.xd/servidor_minecraft/libraries/net/fabricmc/sponge-mixin/0.15.2+mixin.0.8.7/sponge-mixin-0.15.2+mixin.0.8.7.jar Service=Knot/Fabric Env=SERVER
[01:08:10] [main/INFO]: Environment: authHost='https://authserver.mojang.com', accountsHost='https://api.mojang.com', sessionHost='https://sessionserver.mojang.com', servicesHost='https://api.minecraftservices.com', name='PROD'
[01:08:11] [main/INFO]: Loaded 7 recipes
[01:08:11] [main/INFO]: Loaded 1271 advancements
[01:08:12] [Server thread/INFO]: Starting minecraft server version 1.20.1
[01:08:12] [Server thread/INFO]: Loading properties
[01:08:12] [Server thread/INFO]: Default game type: SURVIVAL
[01:08:12] [Server thread/INFO]: Generating keypair
[01:08:12] [Server thread/INFO]: Starting Minecraft server on *:25565
[01:08:12] [Server thread/INFO]: Using epoll channel type
[01:08:12] [Server thread/WARN]: **** SERVER IS RUNNING IN OFFLINE/INSECURE MODE!
[01:08:12] [Server thread/WARN]: The server will make no attempt to authenticate usernames. Beware.
[01:08:12] [Server thread/WARN]: While this makes the game possible to play without internet access, it also opens up the ability for hackers to connect with any username they choose.
[01:08:12] [Server thread/WARN]: To change this, set "online-mode" to "true" in the server.properties file.
[01:08:12] [Server thread/INFO]: Preparing level "world"
[01:08:18] [Server thread/INFO]: Preparing start region for dimension minecraft:overworld
[01:08:19] [Worker-Main-2/INFO]: Preparing spawn area: 0%
[01:08:19] [Worker-Main-3/INFO]: Preparing spawn area: 0%
[01:08:19] [Worker-Main-2/INFO]: Preparing spawn area: 0%
[01:08:19] [Worker-Main-2/INFO]: Preparing spawn area: 0%
[01:08:20] [Worker-Main-3/INFO]: Preparing spawn area: 0%
[01:08:20] [Worker-Main-2/INFO]: Preparing spawn area: 1%
[01:08:21] [Worker-Main-2/INFO]: Preparing spawn area: 2%
[01:08:21] [Worker-Main-3/INFO]: Preparing spawn area: 3%
[01:08:22] [Worker-Main-2/INFO]: Preparing spawn area: 4%
[01:08:22] [Worker-Main-2/INFO]: Preparing spawn area: 5%
[01:08:23] [Worker-Main-3/INFO]: Preparing spawn area: 6%
[01:08:23] [Worker-Main-2/INFO]: Preparing spawn area: 8%
[01:08:24] [Worker-Main-3/INFO]: Preparing spawn area: 9%
[01:08:24] [Worker-Main-3/INFO]: Preparing spawn area: 10%
[01:08:25] [Worker-Main-1/INFO]: Preparing spawn area: 11%
[01:08:25] [Worker-Main-1/INFO]: Preparing spawn area: 13%
[01:08:26] [Worker-Main-1/INFO]: Preparing spawn area: 15%
[01:08:26] [Worker-Main-2/INFO]: Preparing spawn area: 17%
[01:08:27] [Worker-Main-2/INFO]: Preparing spawn area: 20%
[01:08:27] [Worker-Main-3/INFO]: Preparing spawn area: 22%
[01:08:28] [Worker-Main-3/INFO]: Preparing spawn area: 24%
[01:08:28] [Worker-Main-3/INFO]: Preparing spawn area: 27%
[01:08:29] [Worker-Main-1/INFO]: Preparing spawn area: 30%
[01:08:29] [Worker-Main-2/INFO]: Preparing spawn area: 32%
[01:08:30] [Worker-Main-1/INFO]: Preparing spawn area: 34%
[01:08:30] [Worker-Main-2/INFO]: Preparing spawn area: 37%
[01:08:31] [Worker-Main-1/INFO]: Preparing spawn area: 41%
[01:08:31] [Worker-Main-1/INFO]: Preparing spawn area: 43%
[01:08:32] [Worker-Main-1/INFO]: Preparing spawn area: 45%
[01:08:32] [Worker-Main-2/INFO]: Preparing spawn area: 48%
[01:08:33] [Worker-Main-3/INFO]: Preparing spawn area: 51%
[01:08:33] [Worker-Main-2/INFO]: Preparing spawn area: 54%
[01:08:34] [Worker-Main-1/INFO]: Preparing spawn area: 57%
[01:08:34] [Worker-Main-2/INFO]: Preparing spawn area: 59%
[01:08:35] [Worker-Main-2/INFO]: Preparing spawn area: 62%
[01:08:35] [Worker-Main-2/INFO]: Preparing spawn area: 65%
[01:08:36] [Worker-Main-2/INFO]: Preparing spawn area: 68%
[01:08:36] [Worker-Main-1/INFO]: Preparing spawn area: 70%
[01:08:37] [Worker-Main-2/INFO]: Preparing spawn area: 73%
[01:08:37] [Worker-Main-2/INFO]: Preparing spawn area: 76%
[01:08:38] [Worker-Main-1/INFO]: Preparing spawn area: 79%
[01:08:38] [Worker-Main-1/INFO]: Preparing spawn area: 83%
[01:08:39] [Worker-Main-1/INFO]: Preparing spawn area: 85%
[01:08:39] [Worker-Main-1/INFO]: Preparing spawn area: 89%
[01:08:40] [Worker-Main-3/INFO]: Preparing spawn area: 91%
[01:08:40] [Worker-Main-3/INFO]: Preparing spawn area: 94%
[01:08:41] [Worker-Main-3/INFO]: Preparing spawn area: 98%
[01:08:41] [Server thread/INFO]: Time elapsed: 23241 ms
[01:08:41] [Server thread/INFO]: Done (28.968s)! For help, type "help"
[01:08:41] [Server thread/INFO]: Unknown or incomplete command, see below for error
[01:08:41] [Server thread/INFO]: home/codespace/.python/current/bin/python "/workspaces/Servv.xd/msx (1).py"<--[HERE]
[01:08:45] [Server thread/INFO]: Stopping the server
[01:08:45] [Server thread/INFO]: Stopping server
[01:08:45] [Server thread/INFO]: Saving players
[01:08:45] [Server thread/INFO]: Saving worlds
[01:08:46] [Server thread/INFO]: Saving chunks for level 'ServerLevel[world]'/minecraft:overworld
[01:08:48] [Server thread/INFO]: Saving chunks for level 'ServerLevel[world]'/minecraft:the_end
[01:08:48] [Server thread/INFO]: Saving chunks for level 'ServerLevel[world]'/minecraft:the_nether
[01:08:48] [Server thread/INFO]: ThreadedAnvilChunkStorage (world): All chunks are saved
[01:08:48] [Server thread/INFO]: ThreadedAnvilChunkStorage (DIM1): All chunks are saved
[01:08:48] [Server thread/INFO]: ThreadedAnvilChunkStorage (DIM-1): All chunks are saved
[01:08:48] [Server thread/INFO]: ThreadedAnvilChunkStorage: All dimensions are saved
